<?xml version="1.0" encoding="UTF-8"?>
<testng-results skipped="0" failed="0" ignored="0" total="0" passed="0">
  <reporter-output>
  </reporter-output>
  <suite name="jenkinMavenPro.jenkinMavenPack.AppTest" duration-ms="6" started-at="2018-05-21T09:10:43Z" finished-at="2018-05-21T09:10:43Z">
    <groups>
    </groups>
    <test name="Command line test" duration-ms="6" started-at="2018-05-21T09:10:43Z" finished-at="2018-05-21T09:10:43Z">
    </test> <!-- Command line test -->
  </suite> <!-- jenkinMavenPro.jenkinMavenPack.AppTest -->
</testng-results>
